<?xml version="1.0" encoding="UTF-8"?>
<!-- Generated by org.testng.reporters.JUnitReportReporter -->
<testsuite hostname="Girish-PC" name="Testcases.test11" tests="1" failures="0" timestamp="24 Jun 2019 15:12:16 GMT" time="0.040" errors="0">
  <testcase name="Test1" time="0.040" classname="Testcases.test11"/>
</testsuite> <!-- Testcases.test11 -->
