<?xml version="1.0" encoding="UTF-8"?>
<!-- Generated by org.testng.reporters.JUnitReportReporter -->
<testsuite hostname="Girish-PC" name="Utility.extent" tests="3" failures="0" timestamp="19 Jun 2019 12:08:04 GMT" time="27.275" errors="0">
  <testcase name="extentReportsDemo" time="7.579" classname="Utility.extent"/>
  <testcase name="login_function" time="13.123" classname="Utility.extent"/>
  <testcase name="login_function1" time="6.573" classname="Utility.extent"/>
</testsuite> <!-- Utility.extent -->
